TN:
SF:src\app.ts
FN:20,(anonymous_1)
FN:51,(anonymous_2)
FN:96,(anonymous_3)
FN:157,(anonymous_4)
FN:192,(anonymous_5)
FNF:5
FNH:5
FNDA:1,(anonymous_1)
FNDA:5,(anonymous_2)
FNDA:5,(anonymous_3)
FNDA:6,(anonymous_4)
FNDA:1,(anonymous_5)
DA:1,1
DA:2,1
DA:3,1
DA:4,1
DA:5,1
DA:7,1
DA:10,1
DA:11,1
DA:14,1
DA:20,1
DA:21,1
DA:22,1
DA:51,1
DA:52,5
DA:53,5
DA:54,4
DA:56,1
DA:96,1
DA:97,5
DA:98,5
DA:99,4
DA:100,3
DA:102,1
DA:105,1
DA:157,1
DA:158,6
DA:159,6
DA:160,6
DA:161,2
DA:162,2
DA:165,4
DA:166,3
DA:167,2
DA:169,1
DA:172,1
DA:192,1
DA:193,1
LF:37
LH:37
BRDA:99,0,0,3
BRDA:99,0,1,1
BRDA:160,1,0,2
BRDA:160,1,1,4
BRDA:160,2,0,6
BRDA:160,2,1,3
BRDA:166,3,0,2
BRDA:166,3,1,1
BRF:8
BRH:8
end_of_record
TN:
SF:src\database.ts
FN:7,(anonymous_0)
FN:12,(anonymous_1)
FN:22,(anonymous_2)
FN:45,(anonymous_3)
FN:53,(anonymous_4)
FN:66,(anonymous_5)
FN:113,(anonymous_6)
FN:124,(anonymous_7)
FN:126,(anonymous_8)
FN:133,(anonymous_9)
FN:134,(anonymous_10)
FN:145,(anonymous_11)
FN:149,(anonymous_12)
FNF:13
FNH:13
FNDA:2,(anonymous_0)
FNDA:2,(anonymous_1)
FNDA:10,(anonymous_2)
FNDA:10,(anonymous_3)
FNDA:40,(anonymous_4)
FNDA:120,(anonymous_5)
FNDA:120,(anonymous_6)
FNDA:120,(anonymous_7)
FNDA:88080,(anonymous_8)
FNDA:33,(anonymous_9)
FNDA:165,(anonymous_10)
FNDA:19,(anonymous_11)
FNDA:7,(anonymous_12)
DA:4,2
DA:8,2
DA:9,2
DA:14,2
DA:22,2
DA:23,10
DA:24,10
DA:41,10
DA:47,10
DA:49,10
DA:50,10
DA:53,10
DA:54,40
DA:55,120
DA:63,10
DA:67,120
DA:68,120
DA:69,120
DA:72,120
DA:73,120
DA:75,120
DA:76,44040
DA:77,44040
DA:80,44040
DA:82,44040
DA:84,22080
DA:85,22080
DA:87,22080
DA:88,22080
DA:89,22080
DA:90,22080
DA:92,22080
DA:100,21960
DA:109,120
DA:114,120
DA:115,120
DA:116,1120
DA:117,1120
DA:118,1120
DA:120,120
DA:125,120
DA:126,120
DA:127,88080
DA:128,88080
DA:134,165
DA:146,19
DA:150,7
DA:151,7
DA:152,5
DA:153,5
DA:154,5
DA:156,2
DA:160,2
LF:53
LH:53
BRDA:32,0,0,8
BRDA:32,0,1,2
BRDA:35,1,0,8
BRDA:35,1,1,2
BRDA:80,2,0,44040
BRDA:80,2,1,36720
BRDA:82,3,0,22080
BRDA:82,3,1,21960
BRDA:146,4,0,19
BRDA:146,4,1,2
BRDA:151,5,0,5
BRDA:151,5,1,2
BRF:12
BRH:12
end_of_record
TN:
SF:src\server.ts
FN:7,(anonymous_0)
FNF:1
FNH:0
FNDA:0,(anonymous_0)
DA:1,0
DA:2,0
DA:4,0
DA:7,0
DA:8,0
DA:9,0
DA:10,0
LF:7
LH:0
BRF:0
BRH:0
end_of_record
TN:
SF:src\swagger.ts
FNF:0
FNH:0
DA:1,1
DA:3,1
DA:210,1
LF:3
LH:3
BRF:0
BRH:0
end_of_record
